<?xml version="1.0" encoding="UTF-8"?>
<testsuite name="us.mcparks.achievables.reference.TestEventTest" tests="2" skipped="0" failures="0" errors="0" timestamp="2025-05-20T19:35:30.952Z" hostname="fv-az2210-510" time="0.003">
  <properties/>
  <testcase name="testToString()" classname="us.mcparks.achievables.reference.TestEventTest" time="0.001"/>
  <testcase name="testConstructorAndGetters()" classname="us.mcparks.achievables.reference.TestEventTest" time="0.001"/>
  <system-out><![CDATA[]]></system-out>
  <system-err><![CDATA[]]></system-err>
</testsuite>
